<?xml version="1.0" encoding="UTF-8"?>
<beans xmlns:xsi="http://www.w3.org/2001/XMLSchema-instance"
    xmlns:p="http://www.springframework.org/schema/p"
    xmlns="http://www.springframework.org/schema/beans"
    xsi:schemaLocation="http://www.springframework.org/schema/beans http://www.springframework.org/schema/beans/spring-beans.xsd" >
    
    	<bean id="loginServiceImplDsSpring" class="com.tech.doks.login.svc.impl.LoginServiceImplDsSpring">
        	<property name="dataSource" ref="dataSource" />
    	</bean>
<bean id="dataSource"
		class="org.springframework.jdbc.datasource.DriverManagerDataSource">
		<property name="driverClassName" value="org.apache.derby.jdbc.EmbeddedDriver" />
		<property name="url" value="jdbc:derby:Detail_DB" />
		<!-- <property name="username" value="sa" /> <property name="password" 
			value="" /> -->
	</bean>
</beans>